<?xml version="1.0" encoding="UTF-8"?>
<!-- Generated by org.testng.reporters.JUnitXMLReporter -->
<testsuite ignored="0" hostname="DESKTOP-JJ6KE7B" failures="0" tests="1" name="TestOnChrome" time="20.285" errors="0" timestamp="2021-01-13T21:01:55 CST">
  <testcase classname="demo.TestNGmultibrowser" name="@BeforeTest setup" time="20.227">
    <failure type="org.openqa.selenium.SessionNotCreatedException" message="session not created
from chrome not reachable
  (Session info: chrome=87.0.4280.88)
Build info: version: &amp;apos;4.0.0-alpha-7&amp;apos;, revision: &amp;apos;de8579b6d5&amp;apos;
System info: host: &amp;apos;DESKTOP-JJ6KE7B&amp;apos;, ip: &amp;apos;192.168.0.20&amp;apos;, os.name: &amp;apos;Windows 10&amp;apos;, os.arch: &amp;apos;amd64&amp;apos;, os.version: &amp;apos;10.0&amp;apos;, java.version: &amp;apos;15.0.1&amp;apos;
Driver info: driver.version: ChromeDriver
remote stacktrace: Backtrace:
	Ordinal0 [0x00B5C0C3+3326147]
	Ordinal0 [0x00A40851+2164817]
	Ordinal0 [0x008C7140+618816]
	Ordinal0 [0x008BD404+578564]
	Ordinal0 [0x008BDACB+580299]
	Ordinal0 [0x008BED35+585013]
	Ordinal0 [0x008B9D61+564577]
	Ordinal0 [0x008C82C0+623296]
	Ordinal0 [0x00866BDD+224221]
	Ordinal0 [0x00865CAC+220332]
	Ordinal0 [0x0086189B+202907]
	Ordinal0 [0x00843DF4+81396]
	Ordinal0 [0x00844DEE+85486]
	Ordinal0 [0x00844D79+85369]
	Ordinal0 [0x00A585DC+2262492]
	GetHandleVerifier [0x00CE2874+1487204]
	GetHandleVerifier [0x00CE23CD+1486013]
	GetHandleVerifier [0x00CEA368+1518680]
	GetHandleVerifier [0x00CE2F4E+1488958]
	Ordinal0 [0x00A4ED0D+2223373]
	Ordinal0 [0x00A5A12B+2269483]
	Ordinal0 [0x00A5A26F+2269807]
	Ordinal0 [0x00A6ECB8+2354360]
	BaseThreadInitThunk [0x7666FA29+25]
	RtlGetAppContainerNamedObjectPath [0x776375F4+228]
	RtlGetAppContainerNamedObjectPath [0x776375C4+180]
">
      <![CDATA[org.openqa.selenium.SessionNotCreatedException: session not created
from chrome not reachable
  (Session info: chrome=87.0.4280.88)
Build info: version: '4.0.0-alpha-7', revision: 'de8579b6d5'
System info: host: 'DESKTOP-JJ6KE7B', ip: '192.168.0.20', os.name: 'Windows 10', os.arch: 'amd64', os.version: '10.0', java.version: '15.0.1'
Driver info: driver.version: ChromeDriver
remote stacktrace: Backtrace:
Ordinal0 [0x00B5C0C3+3326147]
Ordinal0 [0x00A40851+2164817]
Ordinal0 [0x008C7140+618816]
Ordinal0 [0x008BD404+578564]
Ordinal0 [0x008BDACB+580299]
Ordinal0 [0x008BED35+585013]
Ordinal0 [0x008B9D61+564577]
Ordinal0 [0x008C82C0+623296]
Ordinal0 [0x00866BDD+224221]
Ordinal0 [0x00865CAC+220332]
Ordinal0 [0x0086189B+202907]
Ordinal0 [0x00843DF4+81396]
Ordinal0 [0x00844DEE+85486]
Ordinal0 [0x00844D79+85369]
Ordinal0 [0x00A585DC+2262492]
GetHandleVerifier [0x00CE2874+1487204]
GetHandleVerifier [0x00CE23CD+1486013]
GetHandleVerifier [0x00CEA368+1518680]
GetHandleVerifier [0x00CE2F4E+1488958]
Ordinal0 [0x00A4ED0D+2223373]
Ordinal0 [0x00A5A12B+2269483]
Ordinal0 [0x00A5A26F+2269807]
Ordinal0 [0x00A6ECB8+2354360]
BaseThreadInitThunk [0x7666FA29+25]
RtlGetAppContainerNamedObjectPath [0x776375F4+228]
RtlGetAppContainerNamedObjectPath [0x776375C4+180]

at org.openqa.selenium.remote.W3CHandshakeResponse.lambda$errorHandler$0(W3CHandshakeResponse.java:62)
at org.openqa.selenium.remote.HandshakeResponse.lambda$getResponseFunction$0(HandshakeResponse.java:30)
at org.openqa.selenium.remote.ProtocolHandshake.lambda$createSession$1(ProtocolHandshake.java:126)
at java.base/java.util.stream.ReferencePipeline$3$1.accept(ReferencePipeline.java:195)
at java.base/java.util.Spliterators$ArraySpliterator.tryAdvance(Spliterators.java:958)
at java.base/java.util.stream.ReferencePipeline.forEachWithCancel(ReferencePipeline.java:127)
at java.base/java.util.stream.AbstractPipeline.copyIntoWithCancel(AbstractPipeline.java:502)
at java.base/java.util.stream.AbstractPipeline.copyInto(AbstractPipeline.java:488)
at java.base/java.util.stream.AbstractPipeline.wrapAndCopyInto(AbstractPipeline.java:474)
at java.base/java.util.stream.FindOps$FindOp.evaluateSequential(FindOps.java:150)
at java.base/java.util.stream.AbstractPipeline.evaluate(AbstractPipeline.java:234)
at java.base/java.util.stream.ReferencePipeline.findFirst(ReferencePipeline.java:543)
at org.openqa.selenium.remote.ProtocolHandshake.createSession(ProtocolHandshake.java:128)
at org.openqa.selenium.remote.ProtocolHandshake.createSession(ProtocolHandshake.java:75)
at org.openqa.selenium.remote.HttpCommandExecutor.execute(HttpCommandExecutor.java:139)
at org.openqa.selenium.remote.service.DriverCommandExecutor.execute(DriverCommandExecutor.java:123)
at org.openqa.selenium.remote.RemoteWebDriver.execute(RemoteWebDriver.java:501)
at org.openqa.selenium.remote.RemoteWebDriver.startSession(RemoteWebDriver.java:207)
at org.openqa.selenium.remote.RemoteWebDriver.<init>(RemoteWebDriver.java:127)
at org.openqa.selenium.chromium.ChromiumDriver.<init>(ChromiumDriver.java:93)
at org.openqa.selenium.chrome.ChromeDriver.<init>(ChromeDriver.java:163)
at org.openqa.selenium.chrome.ChromeDriver.<init>(ChromeDriver.java:150)
at org.openqa.selenium.chrome.ChromeDriver.<init>(ChromeDriver.java:105)
at demo.TestNGmultibrowser.setup(TestNGmultibrowser.java:28)
at java.base/java.util.concurrent.FutureTask.run(FutureTask.java:264)
at java.base/java.util.concurrent.ThreadPoolExecutor.runWorker(ThreadPoolExecutor.java:1130)
at java.base/java.util.concurrent.ThreadPoolExecutor$Worker.run(ThreadPoolExecutor.java:630)
at java.base/java.lang.Thread.run(Thread.java:832)
... Removed 20 stack frames]]>
    </failure>
  </testcase> <!-- @BeforeTest setup -->
  <testcase classname="demo.TestNGmultibrowser" name="@AfterTest teardow" time="-1.610593315482E9">
    <skipped/>
  </testcase> <!-- @AfterTest teardow -->
  <testcase classname="demo.TestNGmultibrowser" name="test" time="0.0">
    <skipped/>
  </testcase> <!-- test -->
</testsuite> <!-- TestOnChrome -->
